413241787
0
-313532301
-165934247
-503374708
885313741
642314192
-475613738
-237742103
-852778154
-914357865
-80290901
59769183
325811315
-317735657
54846889
-377152098
-333197664
-578393075
67638986
32140815
-518330711
-260393689
994444528
-62541597
-410128626
-847704008
919057554
-431980064
-646444351
-84368009
-297667354
-176662902
-655043566
-321627143
577970841
518165618
11443681
-15439224
-882885452
-463996150
806108249
-361315343
21353708
192145752
220140855
-29356910
-414514977
-456196966
-25817636
-291878695
476361258
-611361464
-414864510
-871091078
-221300923
478767753
-385593423
532169835
192435676
380806638
-403156186
722089716
-677091370
-123483047
-482625463
-988159395
-89584735
-988732577
-278947079
-346401637
-371737651
-684509558
-4625382
-447019518
-886417477
-820660170
248975982
-811104675
-555479911
686211481
-417170575
-847050792
91984215
-299089742
-56598345
-756888417
-92383412
-958217588
-700819890
78260825
398000013
-329996337
-758006253
-569960958
-267472778
-231572083
-625815317
541761119
27525112
-776757583
-634015386
477873521
-237271656
-842250386
-627042214
-754715105
-82268216
873650645
-668810275
-247781142
-861499589
-436132744
606273224
-838802427
-507148489
-545526921
-583840946
354269599
208095113
866086734
418618150
-220434560
-48528842
-649309622
619979472
822502671
69468763
-158224172
454531102
-229291014
-892955208
-680237907
327653415
779229010
4506880
699362866
197102233
20884874
-272249212
-77572281
-184972773
647135940
-317108218
213194393
-109194944
632854407
-574760743
117874960
-726266411
-369759484
844653266
623654539
-35537232
250023338
-294793911
812193135
321889961
-111238171
-497431833
321922770
-563494464
-691270681
-818941758
839905140
355803045
-233163435
785507767
-10193973
166645253
48321338
114050313
-883704092
791963707
519511425
-772666646
-535914460
738376919
22662229
-443201510
-415477679
90182428
-401950879
-178169492
-229743664
829413916
-246305145
142511993
-817623192
-92493406
-417238916
428944796
-826341481
604337004
343016881
-64089076
718832957
-5961524
-677803922
-33382073
-906612673
-908407651
-179602688
-174149724
355730245
-281123674
-292231673
429715657
66419239
187596724
-60159159
-742396800
383702839
-556183701
-853621929
-977873916
-526102666
-5503595
-283581719
400505005
132555367
228051639
-71427416
24605295
-313928602
-171657233
589573901
109797138
-969508324
61034717
126996327
118524889
-468771930
993042452
174665418
-135185735
104768420
187250447
-388521433
644223547
-86839369
336849758
510074005
-371746071
-255013748
-186602165
-85391837
321775595
313152694
703637466
-482223647
-667183882
-124043490
214721185
-476475340
2926034
-21385357
-223521316
-957486894
13782963
525032901
909261123
314165469
-411407430
-526500977
314849131
-596958529
-25739375
-620731938
-83844272
631728563
-277561303
-634535738
-107883724
-613059504
334434185
271310427
570723055
257955018
969420593
761060732
-720662866
93478055
-22292335
346057896
594434254
-965376959
-279238764
-229847571
-105124395
2856540
-10404158
-670439048
915574749
620468770
-236460635
-357869169
-323669250
-758065072
496204961
-120797534
250256963
-863824098
177205290
-125022160
68729088
480835436
63356499
-301500733
106976612
25300519
178799240
-619561473
-389711363
-531466265
-992316951
459454173
190786178
-24273600
-535344402
-207727910
-239399105
755828045
-495826384
313512573
-944944128
-33250721
-115597770
-76347651
130168264
-535753665
275152633
-161417969
-903833812
749974478
-669205836
147520176
217793146
580579565
-755750219
-59029210
53832527
-342723114
661234662
233192989
266173109
117291949
-345581149
28507679
134182202
617331313
-495570946
-157730329
-968761259
-585130605
-518279084
882188225
804435081
151186728
183197366
-996986202
-557222933
-215496991
233563585
839350884
-148877518
148603254
-842900470
-98866930
-339073394
377694262
-71915595
599018445
-387043101
345465942
376931846
-110986110
213923579
-772114374
-408790070
180285590
916987773
-55435894
-451481112
-918301698
-269841459
-476161797
-433808975
-353997463
498920350
252097163
-879994228
356265509
-18908784
-198583755
-294487566
4242024
-972210426
-969841672
382845275
216002128
-127840496
-364237102
37647056
-500621026
-143160892
889409334
10749438
-939267250
-85157427
-7844862
338280118
-81059235
-732739817
696126597
-454237932
630761022
-282146667
382084815
-51511601
173248749
-711029800
-664891677
-476285271
-215646814
722272929
-894831722
-40667895
-37151595
-713340302
926030274
498693061
-123936428
93968031
-192989491
-45309263
333881084
875626217
-80049022
337936098
410134412
543066915
-86948843
306172993
283304921
42727195
228675978
629520075
636118609
-649839959
342991389
371182166
-441103496
792576021
-736372509
-847658476
-421275800
194591796
601674066
772103363
314240676
31338916
-729495057
566505873
-438006913
-18946027
56562005
-639061689
-314960453
561191853
-795763136
-697198242
264689952
223406948
824132578
86202469
-236035838
579603717
-193525434
-256899617
-820529144
